#
# A fatal error has been detected by the Java Runtime Environment:
#
#  EXCEPTION_ACCESS_VIOLATION (0xc0000005) at pc=0x00007ffc05a5b38d, pid=17448, tid=14100
#
# JRE version: OpenJDK Runtime Environment (15.0+36) (build 15+36-1562)
# Java VM: OpenJDK 64-Bit Server VM (15+36-1562, mixed mode, sharing, tiered, compressed oops, g1 gc, windows-amd64)
# Problematic frame:
# C  [ntdll.dll+0x1b38d]
#
# No core dump will be written. Minidumps are not enabled by default on client versions of Windows
#
# If you would like to submit a bug report, please visit:
#   https://bugreport.java.com/bugreport/crash.jsp
# The crash happened outside the Java Virtual Machine in native code.
# See problematic frame for where to report the bug.
#

---------------  S U M M A R Y ------------

Command Line: -Dfile.encoding=windows-1252 -Duser.country=US -Duser.language=en -Duser.variant app.server.StartServer

Host: Intel(R) Core(TM) i7-8750H CPU @ 2.20GHz, 12 cores, 7G,  Windows 10 , 64 bit Build 18362 (10.0.18362.1500)
Time: Wed Jun  8 04:17:18 2022 GTB Daylight Time elapsed time: 221.990346 seconds (0d 0h 3m 41s)

---------------  T H R E A D  ---------------

Current thread (0x000001eaca61b4a0):  JavaThread "RMI TCP Connection(8)-192.168.56.1" daemon [_thread_in_native, id=14100, stack(0x000000c155700000,0x000000c155800000)]

Stack: [0x000000c155700000,0x000000c155800000],  sp=0x000000c1557fbfa0,  free space=1007k
Native frames: (J=compiled Java code, j=interpreted, Vv=VM code, C=native code)
C  [ntdll.dll+0x1b38d]
C  [sqlite-3.16.1-fac20939-aaa9-4011-aaf0-3071802e802c-sqlitejdbc.dll+0x11b53]

Java frames: (J=compiled Java code, j=interpreted, Vv=VM code)
J 3183  org.sqlite.core.NativeDB.column_int(JI)I (0 bytes) @ 0x000001eab995b50b [0x000001eab995b4c0+0x000000000000004b]
J 6997 c2 org.sqlite.jdbc3.JDBC3ResultSet.getInt(I)I (20 bytes) @ 0x000001eab9b64594 [0x000001eab9b64520+0x0000000000000074]
J 6676 c1 org.hibernate.type.descriptor.sql.IntegerTypeDescriptor$2.doExtract(Ljava/sql/ResultSet;Ljava/lang/String;Lorg/hibernate/type/descriptor/WrapperOptions;)Ljava/lang/Object; (21 bytes) @ 0x000001eab319a14c [0x000001eab3199e80+0x00000000000002cc]
J 5308 c1 org.hibernate.type.descriptor.sql.BasicExtractor.extract(Ljava/sql/ResultSet;Ljava/lang/String;Lorg/hibernate/type/descriptor/WrapperOptions;)Ljava/lang/Object; (105 bytes) @ 0x000001eab2db4f94 [0x000001eab2db4e60+0x0000000000000134]
J 6159 c1 org.hibernate.type.AbstractStandardBasicType.hydrate(Ljava/sql/ResultSet;[Ljava/lang/String;Lorg/hibernate/engine/spi/SharedSessionContractImplementor;Ljava/lang/Object;)Ljava/lang/Object; (10 bytes) @ 0x000001eab3013e34 [0x000001eab3013980+0x00000000000004b4]
J 9139 c1 org.hibernate.loader.Loader.extractKeysFromResultSet([Lorg/hibernate/persister/entity/Loadable;Lorg/hibernate/engine/spi/QueryParameters;Ljava/sql/ResultSet;Lorg/hibernate/engine/spi/SharedSessionContractImplementor;[Lorg/hibernate/engine/spi/EntityKey;[Lorg/hibernate/LockMode;Ljava/util/List;)V (408 bytes) @ 0x000001eab34c0b64 [0x000001eab34c0180+0x00000000000009e4]
J 9138 c1 org.hibernate.loader.Loader.getRowFromResultSet(Ljava/sql/ResultSet;Lorg/hibernate/engine/spi/SharedSessionContractImplementor;Lorg/hibernate/engine/spi/QueryParameters;[Lorg/hibernate/LockMode;Lorg/hibernate/engine/spi/EntityKey;Ljava/util/List;[Lorg/hibernate/engine/spi/EntityKey;ZLorg/hibernate/transform/ResultTransformer;)Ljava/lang/Object; (198 bytes) @ 0x000001eab34c2a8c [0x000001eab34c2860+0x000000000000022c]
j  org.hibernate.loader.Loader.processResultSet(Ljava/sql/ResultSet;Lorg/hibernate/engine/spi/QueryParameters;Lorg/hibernate/engine/spi/SharedSessionContractImplementor;ZLorg/hibernate/transform/ResultTransformer;ILjava/util/List;)Ljava/util/List;+160
j  org.hibernate.loader.Loader.doQuery(Lorg/hibernate/engine/spi/SharedSessionContractImplementor;Lorg/hibernate/engine/spi/QueryParameters;ZLorg/hibernate/transform/ResultTransformer;)Ljava/util/List;+75
j  org.hibernate.loader.Loader.doQueryAndInitializeNonLazyCollections(Lorg/hibernate/engine/spi/SharedSessionContractImplementor;Lorg/hibernate/engine/spi/QueryParameters;ZLorg/hibernate/transform/ResultTransformer;)Ljava/util/List;+62
j  org.hibernate.loader.Loader.doList(Lorg/hibernate/engine/spi/SharedSessionContractImplementor;Lorg/hibernate/engine/spi/QueryParameters;Lorg/hibernate/transform/ResultTransformer;)Ljava/util/List;+34
j  org.hibernate.loader.Loader.doList(Lorg/hibernate/engine/spi/SharedSessionContractImplementor;Lorg/hibernate/engine/spi/QueryParameters;)Ljava/util/List;+4
j  org.hibernate.loader.Loader.listIgnoreQueryCache(Lorg/hibernate/engine/spi/SharedSessionContractImplementor;Lorg/hibernate/engine/spi/QueryParameters;)Ljava/util/List;+4
j  org.hibernate.loader.Loader.list(Lorg/hibernate/engine/spi/SharedSessionContractImplementor;Lorg/hibernate/engine/spi/QueryParameters;Ljava/util/Set;[Lorg/hibernate/type/Type;)Ljava/util/List;+49
j  org.hibernate.loader.hql.QueryLoader.list(Lorg/hibernate/engine/spi/SharedSessionContractImplementor;Lorg/hibernate/engine/spi/QueryParameters;)Ljava/util/List;+19
j  org.hibernate.hql.internal.ast.QueryTranslatorImpl.list(Lorg/hibernate/engine/spi/SharedSessionContractImplementor;Lorg/hibernate/engine/spi/QueryParameters;)Ljava/util/List;+146
j  org.hibernate.engine.query.spi.HQLQueryPlan.performList(Lorg/hibernate/engine/spi/QueryParameters;Lorg/hibernate/engine/spi/SharedSessionContractImplementor;)Ljava/util/List;+153
j  org.hibernate.internal.SessionImpl.list(Ljava/lang/String;Lorg/hibernate/engine/spi/QueryParameters;)Ljava/util/List;+58
j  org.hibernate.query.internal.AbstractProducedQuery.doList()Ljava/util/List;+80
j  org.hibernate.query.internal.AbstractProducedQuery.list()Ljava/util/List;+5
j  app.server.repository.hibernate.ProdusHbRepo.findAll()Ljava/lang/Iterable;+31
j  app.server.server.Service.findAllProduse()[Lapp/server/model/Produs;+4
v  ~StubRoutines::call_stub
J 3186  jdk.internal.reflect.NativeMethodAccessorImpl.invoke0(Ljava/lang/reflect/Method;Ljava/lang/Object;[Ljava/lang/Object;)Ljava/lang/Object; java.base@15 (0 bytes) @ 0x000001eab995bacf [0x000001eab995ba40+0x000000000000008f]
J 3185 c1 jdk.internal.reflect.NativeMethodAccessorImpl.invoke(Ljava/lang/Object;[Ljava/lang/Object;)Ljava/lang/Object; java.base@15 (117 bytes) @ 0x000001eab285ff0c [0x000001eab285f3a0+0x0000000000000b6c]
J 8294 c2 java.lang.reflect.Method.invoke(Ljava/lang/Object;[Ljava/lang/Object;)Ljava/lang/Object; java.base@15 (65 bytes) @ 0x000001eab9cb4390 [0x000001eab9cb42c0+0x00000000000000d0]
j  org.springframework.aop.support.AopUtils.invokeJoinpointUsingReflection(Ljava/lang/Object;Ljava/lang/reflect/Method;[Ljava/lang/Object;)Ljava/lang/Object;+7
J 9197 c1 org.springframework.aop.framework.ReflectiveMethodInvocation.proceed()Ljava/lang/Object; (107 bytes) @ 0x000001eab34eec3c [0x000001eab34ee6c0+0x000000000000057c]
j  org.springframework.remoting.support.RemoteInvocationTraceInterceptor.invoke(Lorg/aopalliance/intercept/MethodInvocation;)Ljava/lang/Object;+61
J 9197 c1 org.springframework.aop.framework.ReflectiveMethodInvocation.proceed()Ljava/lang/Object; (107 bytes) @ 0x000001eab34eebac [0x000001eab34ee6c0+0x00000000000004ec]
j  org.springframework.aop.framework.JdkDynamicAopProxy.invoke(Ljava/lang/Object;Ljava/lang/reflect/Method;[Ljava/lang/Object;)Ljava/lang/Object;+386
j  com.sun.proxy.$Proxy5.findAllProduse()[Lapp/server/model/Produs;+9
v  ~StubRoutines::call_stub
J 3186  jdk.internal.reflect.NativeMethodAccessorImpl.invoke0(Ljava/lang/reflect/Method;Ljava/lang/Object;[Ljava/lang/Object;)Ljava/lang/Object; java.base@15 (0 bytes) @ 0x000001eab995bacf [0x000001eab995ba40+0x000000000000008f]
J 3185 c1 jdk.internal.reflect.NativeMethodAccessorImpl.invoke(Ljava/lang/Object;[Ljava/lang/Object;)Ljava/lang/Object; java.base@15 (117 bytes) @ 0x000001eab285ff0c [0x000001eab285f3a0+0x0000000000000b6c]
J 8294 c2 java.lang.reflect.Method.invoke(Ljava/lang/Object;[Ljava/lang/Object;)Ljava/lang/Object; java.base@15 (65 bytes) @ 0x000001eab9cb4390 [0x000001eab9cb42c0+0x00000000000000d0]
j  org.springframework.remoting.support.RemoteInvocation.invoke(Ljava/lang/Object;)Ljava/lang/Object;+22
j  org.springframework.remoting.support.DefaultRemoteInvocationExecutor.invoke(Lorg/springframework/remoting/support/RemoteInvocation;Ljava/lang/Object;)Ljava/lang/Object;+14
j  org.springframework.remoting.support.RemoteInvocationBasedExporter.invoke(Lorg/springframework/remoting/support/RemoteInvocation;Ljava/lang/Object;)Ljava/lang/Object;+46
j  org.springframework.remoting.rmi.RmiBasedExporter.invoke(Lorg/springframework/remoting/support/RemoteInvocation;Ljava/lang/Object;)Ljava/lang/Object;+3
j  org.springframework.remoting.rmi.RmiInvocationWrapper.invoke(Lorg/springframework/remoting/support/RemoteInvocation;)Ljava/lang/Object;+9
j  jdk.internal.reflect.GeneratedMethodAccessor11.invoke(Ljava/lang/Object;[Ljava/lang/Object;)Ljava/lang/Object;+40
J 8294 c2 java.lang.reflect.Method.invoke(Ljava/lang/Object;[Ljava/lang/Object;)Ljava/lang/Object; java.base@15 (65 bytes) @ 0x000001eab9cb4390 [0x000001eab9cb42c0+0x00000000000000d0]
j  sun.rmi.server.UnicastServerRef.dispatch(Ljava/rmi/Remote;Ljava/rmi/server/RemoteCall;)V+264 java.rmi@15
j  sun.rmi.transport.Transport$1.run()Ljava/lang/Void;+23 java.rmi@15
j  sun.rmi.transport.Transport$1.run()Ljava/lang/Object;+1 java.rmi@15
J 6377 c1 java.security.AccessController.executePrivileged(Ljava/security/PrivilegedExceptionAction;Ljava/security/AccessControlContext;Ljava/lang/Class;)Ljava/lang/Object; java.base@15 (65 bytes) @ 0x000001eab30c8d44 [0x000001eab30c8be0+0x0000000000000164]
j  java.security.AccessController.doPrivileged(Ljava/security/PrivilegedExceptionAction;Ljava/security/AccessControlContext;)Ljava/lang/Object;+13 java.base@15
j  sun.rmi.transport.Transport.serviceCall(Ljava/rmi/server/RemoteCall;)Z+157 java.rmi@15
j  sun.rmi.transport.tcp.TCPTransport.handleMessages(Lsun/rmi/transport/Connection;Z)V+145 java.rmi@15
j  sun.rmi.transport.tcp.TCPTransport$ConnectionHandler.run0()V+522 java.rmi@15
j  sun.rmi.transport.tcp.TCPTransport$ConnectionHandler.lambda$run$0()Ljava/lang/Void;+1 java.rmi@15
j  sun.rmi.transport.tcp.TCPTransport$ConnectionHandler$$Lambda$105+0x0000000800c6f890.run()Ljava/lang/Object;+4 java.rmi@15
J 8212 c1 java.security.AccessController.doPrivileged(Ljava/security/PrivilegedAction;Ljava/security/AccessControlContext;)Ljava/lang/Object; java.base@15 (17 bytes) @ 0x000001eab2737ee4 [0x000001eab2737d00+0x00000000000001e4]
j  sun.rmi.transport.tcp.TCPTransport$ConnectionHandler.run()V+37 java.rmi@15
j  java.util.concurrent.ThreadPoolExecutor.runWorker(Ljava/util/concurrent/ThreadPoolExecutor$Worker;)V+92 java.base@15
j  java.util.concurrent.ThreadPoolExecutor$Worker.run()V+5 java.base@15
j  java.lang.Thread.run()V+11 java.base@15
v  ~StubRoutines::call_stub

siginfo: EXCEPTION_ACCESS_VIOLATION (0xc0000005), reading address 0xffffffffffffffff


Register to memory mapping:

RIP=0x00007ffc05a5b38d ntdll.dll
RAX=0x000000c153706000 points into unknown readable memory: 0x0000000000000000 | 00 00 00 00 00 00 00 00
RBX=0x0 is NULL
RCX=0x7270202c5f365f31 is an unknown value
RDX=0x0 is NULL
RSP=0x000000c1557fbfa0 is pointing into the stack for thread: 0x000001eaca61b4a0
RBP=0x000000c1557fc0b0 is pointing into the stack for thread: 0x000001eaca61b4a0
RSI=0x000001eace8dd4e8 points into unknown readable memory: 0x000001eace8dc6e8 | e8 c6 8d ce ea 01 00 00
RDI=0x000000008291a390 is an oop: java.lang.Integer 
{0x000000008291a390} - klass: 'java/lang/Integer'
R8 =0x000001eace8dd4e8 points into unknown readable memory: 0x000001eace8dc6e8 | e8 c6 8d ce ea 01 00 00
R9 =0x0 is NULL
R10=0x000000006cd82b30 sqlite-3.16.1-fac20939-aaa9-4011-aaf0-3071802e802c-sqlitejdbc.dll
R11=0x000000c1557fbd40 is pointing into the stack for thread: 0x000001eaca61b4a0
R12=0x0 is NULL
R13=0x000000c1557fc0a0 is pointing into the stack for thread: 0x000001eaca61b4a0
R14=0x000000c1557fc070 is pointing into the stack for thread: 0x000001eaca61b4a0
R15=0x000001eaca61b4a0 is a thread


Registers:
RAX=0x000000c153706000, RBX=0x0000000000000000, RCX=0x7270202c5f365f31, RDX=0x0000000000000000
RSP=0x000000c1557fbfa0, RBP=0x000000c1557fc0b0, RSI=0x000001eace8dd4e8, RDI=0x000000008291a390
R8 =0x000001eace8dd4e8, R9 =0x0000000000000000, R10=0x000000006cd82b30, R11=0x000000c1557fbd40
R12=0x0000000000000000, R13=0x000000c1557fc0a0, R14=0x000000c1557fc070, R15=0x000001eaca61b4a0
RIP=0x00007ffc05a5b38d, EFLAGS=0x0000000000010206

Top of Stack: (sp=0x000000c1557fbfa0)
0x000000c1557fbfa0:   000000c1557fc070 00007ffbaccf295f
0x000000c1557fbfb0:   000001eaca61b4a0 0000000083713af0
0x000000c1557fbfc0:   000000008291a390 000000006cd91b53
0x000000c1557fbfd0:   0000000000000000 00007ffbacceed3e
0x000000c1557fbfe0:   000000008291a390 000001eaca61b4a0
0x000000c1557fbff0:   000000c1557fc0b0 000001eace8dd4e8
0x000000c1557fc000:   0000000000000000 000000006cd9ec1e
0x000000c1557fc010:   000001eacb45aef8 000001eacb3f81f8
0x000000c1557fc020:   0000000000000000 00007ffbacc1c5df
0x000000c1557fc030:   0000000083f99ff8 0000000083713af0
0x000000c1557fc040:   0000000000000000 000001eab995b5e1
0x000000c1557fc050:   0000000083f97c98 0000000083f97cb0
0x000000c1557fc060:   0000000000000000 000000c1557fc000
0x000000c1557fc070:   000000008309e420 000001eab2c8beac
0x000000c1557fc080:   0000000083f99ff8 000001eab9af0008
0x000000c1557fc090:   000000c1557fc0c0 00007ffbacd5dcc3 

Instructions: (pc=0x00007ffc05a5b38d)
0x00007ffc05a5b28d:   80 00 00 00 00 0f 85 e0 fd ff ff 65 48 8b 14 25
0x00007ffc05a5b29d:   30 00 00 00 b8 00 10 00 00 66 85 82 ee 17 00 00
0x00007ffc05a5b2ad:   0f 84 c5 fd ff ff 48 8d 0d 36 41 14 00 e8 11 f2
0x00007ffc05a5b2bd:   00 00 85 c0 0f 85 b1 fd ff ff 48 8b 8e 98 00 00
0x00007ffc05a5b2cd:   00 4c 8d 44 24 31 33 d2 88 44 24 31 e8 ea e6 04
0x00007ffc05a5b2dd:   00 8b f8 e9 93 fd ff ff bf 7a 00 00 c0 e9 cd fd
0x00007ffc05a5b2ed:   ff ff cc cc cc cc cc cc cc cc cc 48 8b c4 48 89
0x00007ffc05a5b2fd:   58 08 48 89 68 10 48 89 70 18 48 89 78 20 41 56
0x00007ffc05a5b30d:   48 83 ec 20 40 8a ea 4c 8d 35 b5 a7 14 00 48 8b
0x00007ffc05a5b31d:   f1 33 db 48 8d 0d b9 a7 14 00 e8 54 00 00 00 4c
0x00007ffc05a5b32d:   8b 05 9d a7 14 00 4d 3b c6 0f 85 26 18 09 00 48
0x00007ffc05a5b33d:   85 db 75 32 48 8d 0d 98 a7 14 00 e8 53 f5 01 00
0x00007ffc05a5b34d:   48 85 db 0f 85 41 18 09 00 33 c0 48 8b 5c 24 30
0x00007ffc05a5b35d:   48 8b 6c 24 38 48 8b 74 24 40 48 8b 7c 24 48 48
0x00007ffc05a5b36d:   83 c4 20 41 5e c3 f0 ff 43 3c eb c8 cc cc cc cc
0x00007ffc05a5b37d:   cc cc cc 48 83 ec 28 65 48 8b 04 25 30 00 00 00
0x00007ffc05a5b38d:   f0 0f ba 71 08 00 48 8b 40 48 73 12 48 89 41 10
0x00007ffc05a5b39d:   33 c0 c7 41 0c 01 00 00 00 48 83 c4 28 c3 48 39
0x00007ffc05a5b3ad:   41 10 75 0a ff 41 0c 33 c0 48 83 c4 28 c3 e8 10
0x00007ffc05a5b3bd:   00 00 00 eb e4 cc cc cc cc cc cc cc cc cc cc cc
0x00007ffc05a5b3cd:   cc cc cc 48 89 5c 24 18 55 56 57 41 54 41 55 41
0x00007ffc05a5b3dd:   56 41 57 48 83 ec 20 8b 41 20 48 8b f1 48 0f ba
0x00007ffc05a5b3ed:   e0 1a 0f 82 bc 01 00 00 33 ff 40 32 ed 66 83 3c
0x00007ffc05a5b3fd:   25 6a 03 fe 7f 01 76 19 48 8b 7e 20 48 8b c7 81
0x00007ffc05a5b40d:   e7 ff ff ff 00 25 00 00 00 02 48 85 c0 40 0f 95
0x00007ffc05a5b41d:   c5 45 32 ff b0 01 45 32 e4 41 bd 01 00 00 00 45
0x00007ffc05a5b42d:   33 c0 ba 6a 03 fe 7f 84 c0 0f 84 f2 00 00 00 8b
0x00007ffc05a5b43d:   46 08 4c 8d 4e 08 45 84 e4 41 be 03 00 00 00 45
0x00007ffc05a5b44d:   0f 44 f5 41 84 c5 0f 85 c4 00 00 00 8d 1c bf 03
0x00007ffc05a5b45d:   db 66 44 39 2a 0f 86 c6 00 00 00 4d 85 c9 74 0e
0x00007ffc05a5b46d:   80 3c 25 97 02 fe 7f 00 0f 85 4b 17 09 00 0f b7
0x00007ffc05a5b47d:   0c 25 d6 02 fe 7f 33 d2 8b c3 f7 f1 33 c9 8b d8 


Stack slot to memory mapping:
stack at sp + 0 slots: 0x000000c1557fc070 is pointing into the stack for thread: 0x000001eaca61b4a0
stack at sp + 1 slots: 0x00007ffbaccf295f jvm.dll
stack at sp + 2 slots: 0x000001eaca61b4a0 is a thread
stack at sp + 3 slots: 0x0000000083713af0 is an oop: org.sqlite.core.NativeDB 
{0x0000000083713af0} - klass: 'org/sqlite/core/NativeDB'
stack at sp + 4 slots: 0x000000008291a390 is an oop: java.lang.Integer 
{0x000000008291a390} - klass: 'java/lang/Integer'
stack at sp + 5 slots: 0x000000006cd91b53 sqlite-3.16.1-fac20939-aaa9-4011-aaf0-3071802e802c-sqlitejdbc.dll
stack at sp + 6 slots: 0x0 is NULL
stack at sp + 7 slots: 0x00007ffbacceed3e jvm.dll


---------------  P R O C E S S  ---------------

Threads class SMR info:
_java_thread_list=0x000001eac9370460, length=26, elements={
0x000001eac8975350, 0x000001eac8977e40, 0x000001eac8994b50, 0x000001eac8997420,
0x000001eac8997de0, 0x000001eac8999b90, 0x000001eac899a640, 0x000001eac89a8560,
0x000001eac93c9df0, 0x000001eac93d65d0, 0x000001eac9c1d050, 0x000001eac9cd3aa0,
0x000001eac9d18fe0, 0x000001eaa9b0e060, 0x000001eac99de2c0, 0x000001eaca61b4a0,
0x000001eac9dbcfe0, 0x000001eac9dbd980, 0x000001eac9dbae30, 0x000001eacd575080,
0x000001eacd574210, 0x000001eacd5746e0, 0x000001eacd5763c0, 0x000001eaca4cb7d0,
0x000001eaca4c9460, 0x000001eacd577700
}

Java Threads: ( => current thread )
  0x000001eac8975350 JavaThread "Reference Handler" daemon [_thread_blocked, id=15996, stack(0x000000c154300000,0x000000c154400000)]
  0x000001eac8977e40 JavaThread "Finalizer" daemon [_thread_blocked, id=15328, stack(0x000000c154400000,0x000000c154500000)]
  0x000001eac8994b50 JavaThread "Signal Dispatcher" daemon [_thread_blocked, id=7776, stack(0x000000c154500000,0x000000c154600000)]
  0x000001eac8997420 JavaThread "Attach Listener" daemon [_thread_blocked, id=6344, stack(0x000000c154600000,0x000000c154700000)]
  0x000001eac8997de0 JavaThread "Service Thread" daemon [_thread_blocked, id=6772, stack(0x000000c154700000,0x000000c154800000)]
  0x000001eac8999b90 JavaThread "C2 CompilerThread0" daemon [_thread_in_native, id=12128, stack(0x000000c154800000,0x000000c154900000)]
  0x000001eac899a640 JavaThread "C1 CompilerThread0" daemon [_thread_blocked, id=5648, stack(0x000000c154900000,0x000000c154a00000)]
  0x000001eac89a8560 JavaThread "Sweeper thread" daemon [_thread_blocked, id=6952, stack(0x000000c154a00000,0x000000c154b00000)]
  0x000001eac93c9df0 JavaThread "Notification Thread" daemon [_thread_blocked, id=16132, stack(0x000000c154b00000,0x000000c154c00000)]
  0x000001eac93d65d0 JavaThread "Common-Cleaner" daemon [_thread_blocked, id=12964, stack(0x000000c154d00000,0x000000c154e00000)]
  0x000001eac9c1d050 JavaThread "RMI TCP Accept-1099" daemon [_thread_in_native, id=2792, stack(0x000000c154f00000,0x000000c155000000)]
  0x000001eac9cd3aa0 JavaThread "RMI Reaper" [_thread_blocked, id=6328, stack(0x000000c155000000,0x000000c155100000)]
  0x000001eac9d18fe0 JavaThread "RMI GC Daemon" daemon [_thread_blocked, id=9796, stack(0x000000c155100000,0x000000c155200000)]
  0x000001eaa9b0e060 JavaThread "DestroyJavaVM" [_thread_blocked, id=11632, stack(0x000000c153c00000,0x000000c153d00000)]
  0x000001eac99de2c0 JavaThread "RMI Scheduler(0)" daemon [_thread_blocked, id=15736, stack(0x000000c155500000,0x000000c155600000)]
=>0x000001eaca61b4a0 JavaThread "RMI TCP Connection(8)-192.168.56.1" daemon [_thread_in_native, id=14100, stack(0x000000c155700000,0x000000c155800000)]
  0x000001eac9dbcfe0 JavaThread "RMI RenewClean-[192.168.56.1:65170]" daemon [_thread_blocked, id=11676, stack(0x000000c156000000,0x000000c156100000)]
  0x000001eac9dbd980 JavaThread "RMI RenewClean-[192.168.56.1:65181]" daemon [_thread_blocked, id=8648, stack(0x000000c153900000,0x000000c153a00000)]
  0x000001eac9dbae30 JavaThread "pool-27-thread-1" [_thread_blocked, id=2316, stack(0x000000c155f00000,0x000000c156000000)]
  0x000001eacd575080 JavaThread "pool-43-thread-1" [_thread_blocked, id=1716, stack(0x000000c153b00000,0x000000c153c00000)]
  0x000001eacd574210 JavaThread "RMI TCP Connection(9)-192.168.56.1" daemon [_thread_in_native, id=14556, stack(0x000000c153a00000,0x000000c153b00000)]
  0x000001eacd5746e0 JavaThread "pool-181-thread-1" [_thread_blocked, id=8632, stack(0x000000c155800000,0x000000c155900000)]
  0x000001eacd5763c0 JavaThread "pool-218-thread-1" [_thread_blocked, id=7616, stack(0x000000c154e00000,0x000000c154f00000)]
  0x000001eaca4cb7d0 JavaThread "C2 CompilerThread1" daemon [_thread_in_native, id=15760, stack(0x000000c155900000,0x000000c155a00000)]
  0x000001eaca4c9460 JavaThread "C2 CompilerThread2" daemon [_thread_in_native, id=6924, stack(0x000000c155a00000,0x000000c155b00000)]
  0x000001eacd577700 JavaThread "pool-221-thread-1" [_thread_blocked, id=8828, stack(0x000000c156400000,0x000000c156500000)]

Other Threads:
  0x000001eac8973bc0 VMThread "VM Thread" [stack: 0x000000c154200000,0x000000c154300000] [id=15452]
  0x000001eac93ce2d0 WatcherThread [stack: 0x000000c154c00000,0x000000c154d00000] [id=17116]
  0x000001eaa9b4df60 GCTaskThread "GC Thread#0" [stack: 0x000000c153d00000,0x000000c153e00000] [id=10136]
  0x000001eac9629300 GCTaskThread "GC Thread#1" [stack: 0x000000c155200000,0x000000c155300000] [id=10384]
  0x000001eac9629960 GCTaskThread "GC Thread#2" [stack: 0x000000c155300000,0x000000c155400000] [id=9408]
  0x000001eac9628310 GCTaskThread "GC Thread#3" [stack: 0x000000c155400000,0x000000c155500000] [id=18028]
  0x000001eac9628640 GCTaskThread "GC Thread#4" [stack: 0x000000c155b00000,0x000000c155c00000] [id=15988]
  0x000001eac9628ca0 GCTaskThread "GC Thread#5" [stack: 0x000000c155c00000,0x000000c155d00000] [id=9424]
  0x000001eaca7b9a60 GCTaskThread "GC Thread#6" [stack: 0x000000c156100000,0x000000c156200000] [id=17952]
  0x000001eacbe816e0 GCTaskThread "GC Thread#7" [stack: 0x000000c156200000,0x000000c156300000] [id=7604]
  0x000001eacbe813b0 GCTaskThread "GC Thread#8" [stack: 0x000000c155600000,0x000000c155700000] [id=6440]
  0x000001eacbe80d50 GCTaskThread "GC Thread#9" [stack: 0x000000c156300000,0x000000c156400000] [id=14420]
  0x000001eaa9b5fb10 ConcurrentGCThread "G1 Main Marker" [stack: 0x000000c153e00000,0x000000c153f00000] [id=12120]
  0x000001eaa9b60610 ConcurrentGCThread "G1 Conc#0" [stack: 0x000000c153f00000,0x000000c154000000] [id=17456]
  0x000001eaca7b9400 ConcurrentGCThread "G1 Conc#1" [stack: 0x000000c155d00000,0x000000c155e00000] [id=7040]
  0x000001eaca7b8a70 ConcurrentGCThread "G1 Conc#2" [stack: 0x000000c155e00000,0x000000c155f00000] [id=13364]
  0x000001eaa9bc6c20 ConcurrentGCThread "G1 Refine#0" [stack: 0x000000c154000000,0x000000c154100000] [id=14200]
  0x000001eac87f2870 ConcurrentGCThread "G1 Young RemSet Sampling" [stack: 0x000000c154100000,0x000000c154200000] [id=13916]

Threads with active compile tasks:
C2 CompilerThread0   222041 9435       4       org.hibernate.cfg.annotations.PropertyBinder::makePropertyAndValue (180 bytes)
C1 CompilerThread0   222041 9454       3       org.hibernate.loader.plan.exec.internal.EntityLoadQueryDetails$EntityLoaderRowReader::readLogicalRow (10 bytes)
C2 CompilerThread1   222041 9434       4       org.hibernate.cfg.annotations.PropertyBinder::makePropertyValueAndBind (9 bytes)
C2 CompilerThread2   222041 9451       4       java.util.AbstractCollection::toArray (70 bytes)

VM state: not at safepoint (normal execution)

VM Mutex/Monitor currently owned by a thread: None

Heap address: 0x0000000082600000, size: 2010 MB, Compressed Oops mode: 32-bit
CDS archive(s) mapped at: [0x0000000800000000-0x0000000800b50000-0x0000000800b50000), size 11862016, SharedBaseAddress: 0x0000000800000000, ArchiveRelocationMode: 0.
Compressed class space mapped at: 0x0000000800b50000-0x0000000840b50000, size: 1073741824
Narrow klass base: 0x0000000800000000, Narrow klass shift: 3, Narrow klass range: 0x100000000

GC Precious Log:
 CPUs: 12 total, 12 available
 Memory: 8036M
 Large Page Support: Disabled
 NUMA Support: Disabled
 Compressed Oops: Enabled (32-bit)
 Heap Region Size: 1M
 Heap Min Capacity: 8M
 Heap Initial Capacity: 126M
 Heap Max Capacity: 2010M
 Pre-touch: Disabled
 Parallel Workers: 10
 Concurrent Workers: 3
 Concurrent Refinement Workers: 10
 Periodic GC: Disabled

Heap:
 garbage-first heap   total 33792K, used 19176K [0x0000000082600000, 0x0000000100000000)
  region size 1024K, 8 young (8192K), 2 survivors (2048K)
 Metaspace       used 33755K, capacity 34393K, committed 34560K, reserved 1079296K
  class space    used 3575K, capacity 3765K, committed 3840K, reserved 1048576K

Heap Regions: E=young(eden), S=young(survivor), O=old, HS=humongous(starts), HC=humongous(continues), CS=collection set, F=free, OA=open archive, CA=closed archive, TAMS=top-at-mark-start (previous, next)
|   0|0x0000000082600000, 0x0000000082700000, 0x0000000082700000|100%| O|  |TAMS 0x0000000082700000, 0x0000000082600000| Untracked 
|   1|0x0000000082700000, 0x0000000082800000, 0x0000000082800000|100%| O|  |TAMS 0x0000000082800000, 0x0000000082700000| Untracked 
|   2|0x0000000082800000, 0x0000000082900000, 0x0000000082900000|100%| O|  |TAMS 0x0000000082900000, 0x0000000082800000| Untracked 
|   3|0x0000000082900000, 0x0000000082a00000, 0x0000000082a00000|100%| O|  |TAMS 0x0000000082a00000, 0x0000000082900000| Untracked 
|   4|0x0000000082a00000, 0x0000000082a51a00, 0x0000000082b00000| 31%| O|  |TAMS 0x0000000082a51a00, 0x0000000082a00000| Untracked 
|   5|0x0000000082b00000, 0x0000000082c00000, 0x0000000082c00000|100%| O|  |TAMS 0x0000000082b00000, 0x0000000082b00000| Untracked 
|   6|0x0000000082c00000, 0x0000000082d00000, 0x0000000082d00000|100%| O|  |TAMS 0x0000000082c00000, 0x0000000082c00000| Untracked 
|   7|0x0000000082d00000, 0x0000000082e00000, 0x0000000082e00000|100%| O|  |TAMS 0x0000000082d00000, 0x0000000082d00000| Untracked 
|   8|0x0000000082e00000, 0x0000000082f00000, 0x0000000082f00000|100%| O|  |TAMS 0x0000000082e00000, 0x0000000082e00000| Untracked 
|   9|0x0000000082f00000, 0x0000000083000000, 0x0000000083000000|100%| O|  |TAMS 0x0000000082f00000, 0x0000000082f00000| Untracked 
|  10|0x0000000083000000, 0x00000000830f2c00, 0x0000000083100000| 94%| O|  |TAMS 0x0000000083000000, 0x0000000083000000| Untracked 
|  11|0x0000000083100000, 0x0000000083100000, 0x0000000083200000|  0%| F|  |TAMS 0x0000000083100000, 0x0000000083100000| Untracked 
|  12|0x0000000083200000, 0x0000000083200000, 0x0000000083300000|  0%| F|  |TAMS 0x0000000083200000, 0x0000000083200000| Untracked 
|  13|0x0000000083300000, 0x0000000083300000, 0x0000000083400000|  0%| F|  |TAMS 0x0000000083300000, 0x0000000083300000| Untracked 
|  14|0x0000000083400000, 0x0000000083400000, 0x0000000083500000|  0%| F|  |TAMS 0x0000000083400000, 0x0000000083400000| Untracked 
|  15|0x0000000083500000, 0x0000000083500000, 0x0000000083600000|  0%| F|  |TAMS 0x0000000083500000, 0x0000000083500000| Untracked 
|  16|0x0000000083600000, 0x0000000083600000, 0x0000000083700000|  0%| F|  |TAMS 0x0000000083600000, 0x0000000083600000| Untracked 
|  17|0x0000000083700000, 0x0000000083700000, 0x0000000083800000|  0%| F|  |TAMS 0x0000000083700000, 0x0000000083700000| Untracked 
|  18|0x0000000083800000, 0x0000000083875bc0, 0x0000000083900000| 45%| S|CS|TAMS 0x0000000083800000, 0x0000000083800000| Complete 
|  19|0x0000000083900000, 0x0000000083a00000, 0x0000000083a00000|100%| S|CS|TAMS 0x0000000083900000, 0x0000000083900000| Complete 
|  20|0x0000000083a00000, 0x0000000083a00000, 0x0000000083b00000|  0%| F|  |TAMS 0x0000000083a00000, 0x0000000083a00000| Untracked 
|  21|0x0000000083b00000, 0x0000000083b00000, 0x0000000083c00000|  0%| F|  |TAMS 0x0000000083b00000, 0x0000000083b00000| Untracked 
|  22|0x0000000083c00000, 0x0000000083c00000, 0x0000000083d00000|  0%| F|  |TAMS 0x0000000083c00000, 0x0000000083c00000| Untracked 
|  23|0x0000000083d00000, 0x0000000083d00000, 0x0000000083e00000|  0%| F|  |TAMS 0x0000000083d00000, 0x0000000083d00000| Untracked 
|  24|0x0000000083e00000, 0x0000000083e00000, 0x0000000083f00000|  0%| F|  |TAMS 0x0000000083e00000, 0x0000000083e00000| Untracked 
|  25|0x0000000083f00000, 0x0000000083f519e0, 0x0000000084000000| 31%| E|  |TAMS 0x0000000083f00000, 0x0000000083f00000| Complete 
|  26|0x0000000084000000, 0x0000000084100000, 0x0000000084100000|100%| E|CS|TAMS 0x0000000084000000, 0x0000000084000000| Complete 
|  80|0x0000000087600000, 0x0000000087700000, 0x0000000087700000|100%| E|CS|TAMS 0x0000000087600000, 0x0000000087600000| Complete 
|  81|0x0000000087700000, 0x0000000087800000, 0x0000000087800000|100%| E|CS|TAMS 0x0000000087700000, 0x0000000087700000| Complete 
|  82|0x0000000087800000, 0x0000000087900000, 0x0000000087900000|100%| E|CS|TAMS 0x0000000087800000, 0x0000000087800000| Complete 
| 125|0x000000008a300000, 0x000000008a400000, 0x000000008a400000|100%| E|CS|TAMS 0x000000008a300000, 0x000000008a300000| Complete 
|2008|0x00000000ffe00000, 0x00000000fff00000, 0x00000000fff00000|100%| O|  |TAMS 0x00000000ffe00000, 0x00000000ffe00000| Untracked 
|2009|0x00000000fff00000, 0x0000000100000000, 0x0000000100000000|100%| O|  |TAMS 0x00000000fff00000, 0x00000000fff00000| Untracked 

Card table byte_map: [0x000001eac1660000,0x000001eac1a50000] _byte_map_base: 0x000001eac124d000

Marking Bits (Prev, Next): (CMBitMap*) 0x000001eaa9b4f6b0, (CMBitMap*) 0x000001eaa9b4f670
 Prev Bits: [0x000001eac3db0000, 0x000001eac5d18000)
 Next Bits: [0x000001eac1e40000, 0x000001eac3da8000)

Polling page: 0x000001eaa7a50000

Metaspace:

Usage:
  Non-class:     29.91 MB capacity,    29.47 MB ( 99%) used,   384.59 KB (  1%) free+waste,    63.44 KB ( <1%) overhead. 
      Class:      3.68 MB capacity,     3.49 MB ( 95%) used,   164.41 KB (  4%) free+waste,    24.63 KB ( <1%) overhead. 
       Both:     33.59 MB capacity,    32.96 MB ( 98%) used,   549.01 KB (  2%) free+waste,    88.06 KB ( <1%) overhead. 

Virtual space:
  Non-class space:       30.00 MB reserved,      30.00 MB (100%) committed 
      Class space:        1.00 GB reserved,       3.75 MB ( <1%) committed 
             Both:        1.03 GB reserved,      33.75 MB (  3%) committed 

Chunk freelists:
   Non-Class:  28.00 KB
       Class:  11.00 KB
        Both:  39.00 KB

MaxMetaspaceSize: 17179869184.00 GB
CompressedClassSpaceSize: 1.00 GB

CodeHeap 'non-profiled nmethods': size=120000Kb used=6804Kb max_used=6804Kb free=113195Kb
 bounds [0x000001eab97f0000, 0x000001eab9ea0000, 0x000001eac0d20000]
CodeHeap 'profiled nmethods': size=120000Kb used=19307Kb max_used=19307Kb free=100692Kb
 bounds [0x000001eab22c0000, 0x000001eab35a0000, 0x000001eab97f0000]
CodeHeap 'non-nmethods': size=5760Kb used=1276Kb max_used=1436Kb free=4483Kb
 bounds [0x000001eab1d20000, 0x000001eab1f90000, 0x000001eab22c0000]
 total_blobs=9046 nmethods=8485 adapters=473
 compilation: enabled
              stopped_count=0, restarted_count=0
 full_count=0

Compilation events (20 events):
Event: 221.583 Thread 0x000001eac899a640 nmethod 9424 0x000001eab3591910 code [0x000001eab3591b00, 0x000001eab3592038]
Event: 221.593 Thread 0x000001eac8999b90 9425       4       java.util.ArrayDeque::pollLast (36 bytes)
Event: 221.593 Thread 0x000001eac8999b90 nmethod 9425 0x000001eab9e8b890 code [0x000001eab9e8ba00, 0x000001eab9e8bb18]
Event: 221.602 Thread 0x000001eac899a640 9426   !   3       java.util.concurrent.locks.AbstractQueuedSynchronizer::acquire (407 bytes)
Event: 221.604 Thread 0x000001eac899a640 nmethod 9426 0x000001eab3592290 code [0x000001eab3592620, 0x000001eab35940f8]
Event: 221.922 Thread 0x000001eac8999b90 9427       4       java.util.concurrent.locks.ReentrantLock$NonfairSync::initialTryLock (58 bytes)
Event: 221.925 Thread 0x000001eac8999b90 nmethod 9427 0x000001eab9e8bc10 code [0x000001eab9e8bd80, 0x000001eab9e8bf38]
Event: 221.925 Thread 0x000001eac8999b90 9428       4       java.lang.invoke.DelegatingMethodHandle$Holder::reinvoke_L (20 bytes)
Event: 221.925 Thread 0x000001eac899a640 9429       3       sun.rmi.transport.tcp.TCPConnection::releaseOutputStream (15 bytes)
Event: 221.926 Thread 0x000001eac899a640 nmethod 9429 0x000001eab3594b10 code [0x000001eab3594cc0, 0x000001eab3594ec8]
Event: 221.927 Thread 0x000001eac8999b90 nmethod 9428 0x000001eab9e8c010 code [0x000001eab9e8c1a0, 0x000001eab9e8c298]
Event: 221.931 Thread 0x000001eac8999b90 9430       4       java.util.LinkedHashMap$LinkedKeySet::contains (9 bytes)
Event: 221.939 Thread 0x000001eac8999b90 nmethod 9430 0x000001eab9e8c410 code [0x000001eab9e8c5c0, 0x000001eab9e8c928]
Event: 221.939 Thread 0x000001eac8999b90 9432       4       com.sun.org.apache.xerces.internal.jaxp.validation.XMLSchemaValidatorComponentManager::getFeatureState (97 bytes)
Event: 221.956 Thread 0x000001eac8999b90 nmethod 9432 0x000001eab9e8cc10 code [0x000001eab9e8ce60, 0x000001eab9e8e228]
Event: 221.956 Thread 0x000001eac8999b90 9431       4       java.util.Collections$UnmodifiableList::get (11 bytes)
Event: 221.957 Thread 0x000001eac8999b90 nmethod 9431 0x000001eab9e8eb10 code [0x000001eab9e8eca0, 0x000001eab9e8edb8]
Event: 221.967 Thread 0x000001eac899a640 9433       3       java.lang.ThreadGroup::checkAccess (14 bytes)
Event: 221.967 Thread 0x000001eac899a640 nmethod 9433 0x000001eab3594f90 code [0x000001eab3595140, 0x000001eab3595448]
Event: 221.969 Thread 0x000001eac8999b90 9435       4       org.hibernate.cfg.annotations.PropertyBinder::makePropertyAndValue (180 bytes)

GC Heap History (20 events):
Event: 207.241 GC heap before
{Heap before GC invocations=85 (full 0):
 garbage-first heap   total 33792K, used 24400K [0x0000000082600000, 0x0000000100000000)
  region size 1024K, 13 young (13312K), 2 survivors (2048K)
 Metaspace       used 33639K, capacity 34258K, committed 34560K, reserved 1079296K
  class space    used 3574K, capacity 3763K, committed 3840K, reserved 1048576K
}
Event: 207.242 GC heap after
{Heap after GC invocations=86 (full 0):
 garbage-first heap   total 33792K, used 13219K [0x0000000082600000, 0x0000000100000000)
  region size 1024K, 2 young (2048K), 2 survivors (2048K)
 Metaspace       used 33639K, capacity 34258K, committed 34560K, reserved 1079296K
  class space    used 3574K, capacity 3763K, committed 3840K, reserved 1048576K
}
Event: 207.290 GC heap before
{Heap before GC invocations=86 (full 0):
 garbage-first heap   total 33792K, used 24483K [0x0000000082600000, 0x0000000100000000)
  region size 1024K, 13 young (13312K), 2 survivors (2048K)
 Metaspace       used 33644K, capacity 34258K, committed 34560K, reserved 1079296K
  class space    used 3574K, capacity 3763K, committed 3840K, reserved 1048576K
}
Event: 207.292 GC heap after
{Heap after GC invocations=87 (full 0):
 garbage-first heap   total 33792K, used 13347K [0x0000000082600000, 0x0000000100000000)
  region size 1024K, 2 young (2048K), 2 survivors (2048K)
 Metaspace       used 33644K, capacity 34258K, committed 34560K, reserved 1079296K
  class space    used 3574K, capacity 3763K, committed 3840K, reserved 1048576K
}
Event: 207.342 GC heap before
{Heap before GC invocations=87 (full 0):
 garbage-first heap   total 33792K, used 24611K [0x0000000082600000, 0x0000000100000000)
  region size 1024K, 13 young (13312K), 2 survivors (2048K)
 Metaspace       used 33652K, capacity 34258K, committed 34560K, reserved 1079296K
  class space    used 3574K, capacity 3763K, committed 3840K, reserved 1048576K
}
Event: 207.343 GC heap after
{Heap after GC invocations=88 (full 0):
 garbage-first heap   total 33792K, used 13480K [0x0000000082600000, 0x0000000100000000)
  region size 1024K, 2 young (2048K), 2 survivors (2048K)
 Metaspace       used 33652K, capacity 34258K, committed 34560K, reserved 1079296K
  class space    used 3574K, capacity 3763K, committed 3840K, reserved 1048576K
}
Event: 207.396 GC heap before
{Heap before GC invocations=88 (full 0):
 garbage-first heap   total 33792K, used 24744K [0x0000000082600000, 0x0000000100000000)
  region size 1024K, 13 young (13312K), 2 survivors (2048K)
 Metaspace       used 33678K, capacity 34264K, committed 34560K, reserved 1079296K
  class space    used 3575K, capacity 3765K, committed 3840K, reserved 1048576K
}
Event: 207.397 GC heap after
{Heap after GC invocations=89 (full 0):
 garbage-first heap   total 33792K, used 12932K [0x0000000082600000, 0x0000000100000000)
  region size 1024K, 1 young (1024K), 1 survivors (1024K)
 Metaspace       used 33678K, capacity 34264K, committed 34560K, reserved 1079296K
  class space    used 3575K, capacity 3765K, committed 3840K, reserved 1048576K
}
Event: 217.993 GC heap before
{Heap before GC invocations=89 (full 0):
 garbage-first heap   total 33792K, used 25220K [0x0000000082600000, 0x0000000100000000)
  region size 1024K, 13 young (13312K), 1 survivors (1024K)
 Metaspace       used 33697K, capacity 34265K, committed 34560K, reserved 1079296K
  class space    used 3575K, capacity 3765K, committed 3840K, reserved 1048576K
}
Event: 217.994 GC heap after
{Heap after GC invocations=90 (full 0):
 garbage-first heap   total 33792K, used 13131K [0x0000000082600000, 0x0000000100000000)
  region size 1024K, 1 young (1024K), 1 survivors (1024K)
 Metaspace       used 33697K, capacity 34265K, committed 34560K, reserved 1079296K
  class space    used 3575K, capacity 3765K, committed 3840K, reserved 1048576K
}
Event: 218.041 GC heap before
{Heap before GC invocations=90 (full 0):
 garbage-first heap   total 33792K, used 25419K [0x0000000082600000, 0x0000000100000000)
  region size 1024K, 13 young (13312K), 1 survivors (1024K)
 Metaspace       used 33697K, capacity 34265K, committed 34560K, reserved 1079296K
  class space    used 3575K, capacity 3765K, committed 3840K, reserved 1048576K
}
Event: 218.043 GC heap after
{Heap after GC invocations=91 (full 0):
 garbage-first heap   total 33792K, used 13198K [0x0000000082600000, 0x0000000100000000)
  region size 1024K, 2 young (2048K), 2 survivors (2048K)
 Metaspace       used 33697K, capacity 34265K, committed 34560K, reserved 1079296K
  class space    used 3575K, capacity 3765K, committed 3840K, reserved 1048576K
}
Event: 219.671 GC heap before
{Heap before GC invocations=91 (full 0):
 garbage-first heap   total 33792K, used 24462K [0x0000000082600000, 0x0000000100000000)
  region size 1024K, 13 young (13312K), 2 survivors (2048K)
 Metaspace       used 33728K, capacity 34329K, committed 34560K, reserved 1079296K
  class space    used 3575K, capacity 3765K, committed 3840K, reserved 1048576K
}
Event: 219.673 GC heap after
{Heap after GC invocations=92 (full 0):
 garbage-first heap   total 33792K, used 13297K [0x0000000082600000, 0x0000000100000000)
  region size 1024K, 2 young (2048K), 2 survivors (2048K)
 Metaspace       used 33728K, capacity 34329K, committed 34560K, reserved 1079296K
  class space    used 3575K, capacity 3765K, committed 3840K, reserved 1048576K
}
Event: 219.722 GC heap before
{Heap before GC invocations=92 (full 0):
 garbage-first heap   total 33792K, used 24561K [0x0000000082600000, 0x0000000100000000)
  region size 1024K, 13 young (13312K), 2 survivors (2048K)
 Metaspace       used 33734K, capacity 34329K, committed 34560K, reserved 1079296K
  class space    used 3575K, capacity 3765K, committed 3840K, reserved 1048576K
}
Event: 219.724 GC heap after
{Heap after GC invocations=93 (full 0):
 garbage-first heap   total 33792K, used 13389K [0x0000000082600000, 0x0000000100000000)
  region size 1024K, 2 young (2048K), 2 survivors (2048K)
 Metaspace       used 33734K, capacity 34329K, committed 34560K, reserved 1079296K
  class space    used 3575K, capacity 3765K, committed 3840K, reserved 1048576K
}
Event: 219.771 GC heap before
{Heap before GC invocations=93 (full 0):
 garbage-first heap   total 33792K, used 24653K [0x0000000082600000, 0x0000000100000000)
  region size 1024K, 13 young (13312K), 2 survivors (2048K)
 Metaspace       used 33737K, capacity 34329K, committed 34560K, reserved 1079296K
  class space    used 3575K, capacity 3765K, committed 3840K, reserved 1048576K
}
Event: 219.772 GC heap after
{Heap after GC invocations=94 (full 0):
 garbage-first heap   total 33792K, used 13498K [0x0000000082600000, 0x0000000100000000)
  region size 1024K, 2 young (2048K), 2 survivors (2048K)
 Metaspace       used 33737K, capacity 34329K, committed 34560K, reserved 1079296K
  class space    used 3575K, capacity 3765K, committed 3840K, reserved 1048576K
}
Event: 221.973 GC heap before
{Heap before GC invocations=94 (full 0):
 garbage-first heap   total 33792K, used 24762K [0x0000000082600000, 0x0000000100000000)
  region size 1024K, 13 young (13312K), 2 survivors (2048K)
 Metaspace       used 33748K, capacity 34393K, committed 34560K, reserved 1079296K
  class space    used 3575K, capacity 3765K, committed 3840K, reserved 1048576K
}
Event: 221.975 GC heap after
{Heap after GC invocations=95 (full 0):
 garbage-first heap   total 33792K, used 13568K [0x0000000082600000, 0x0000000100000000)
  region size 1024K, 2 young (2048K), 2 survivors (2048K)
 Metaspace       used 33748K, capacity 34393K, committed 34560K, reserved 1079296K
  class space    used 3575K, capacity 3765K, committed 3840K, reserved 1048576K
}

Deoptimization events (20 events):
Event: 206.255 Thread 0x000001eaca61b4a0 Uncommon trap: trap_request=0xffffffc6 fr.pc=0x000001eab9933308 relative=0x0000000000000688
Event: 206.255 Thread 0x000001eaca61b4a0 Uncommon trap: reason=bimorphic_or_optimized_type_check action=maybe_recompile pc=0x000001eab9933308 method=java.util.regex.Pattern$Branch.match(Ljava/util/regex/Matcher;ILjava/lang/CharSequence;)Z @ 32 c2
Event: 206.255 Thread 0x000001eaca61b4a0 DEOPT PACKING pc=0x000001eab9933308 sp=0x000000c1557fca70
Event: 206.255 Thread 0x000001eaca61b4a0 DEOPT UNPACKING pc=0x000001eab1d6e42f sp=0x000000c1557fca20 mode 2
Event: 206.281 Thread 0x000001eaca61b4a0 Uncommon trap: trap_request=0xffffff45 fr.pc=0x000001eab9c9d234 relative=0x0000000000000094
Event: 206.281 Thread 0x000001eaca61b4a0 Uncommon trap: reason=unstable_if action=reinterpret pc=0x000001eab9c9d234 method=org.hibernate.engine.internal.AbstractEntityEntry.getCompressedValue(Lorg/hibernate/engine/internal/AbstractEntityEntry$EnumState;)Ljava/lang/Enum; @ 19 c2
Event: 206.281 Thread 0x000001eaca61b4a0 DEOPT PACKING pc=0x000001eab9c9d234 sp=0x000000c1557fc690
Event: 206.281 Thread 0x000001eaca61b4a0 DEOPT UNPACKING pc=0x000001eab1d6e42f sp=0x000000c1557fc610 mode 2
Event: 206.285 Thread 0x000001eaca61b4a0 Uncommon trap: trap_request=0xffffff45 fr.pc=0x000001eab987ca74 relative=0x00000000000007b4
Event: 206.285 Thread 0x000001eaca61b4a0 Uncommon trap: reason=unstable_if action=reinterpret pc=0x000001eab987ca74 method=org.hibernate.engine.jdbc.internal.BasicFormatterImpl$FormatProcess.misc()V @ 25 c2
Event: 206.285 Thread 0x000001eaca61b4a0 DEOPT PACKING pc=0x000001eab987ca74 sp=0x000000c1557fc150
Event: 206.285 Thread 0x000001eaca61b4a0 DEOPT UNPACKING pc=0x000001eab1d6e42f sp=0x000000c1557fc148 mode 2
Event: 221.985 Thread 0x000001eacd574210 Uncommon trap: trap_request=0xffffff45 fr.pc=0x000001eab9979ba0 relative=0x0000000000000180
Event: 221.985 Thread 0x000001eacd574210 Uncommon trap: reason=unstable_if action=reinterpret pc=0x000001eab9979ba0 method=org.jboss.logging.JDKLogger.translate(Lorg/jboss/logging/Logger$Level;)Ljava/util/logging/Level; @ 12 c2
Event: 221.985 Thread 0x000001eacd574210 DEOPT PACKING pc=0x000001eab9979ba0 sp=0x000000c153afdcb0
Event: 221.985 Thread 0x000001eacd574210 DEOPT UNPACKING pc=0x000001eab1d6e42f sp=0x000000c153afdba8 mode 2
Event: 221.985 Thread 0x000001eacd574210 Uncommon trap: trap_request=0xffffff45 fr.pc=0x000001eab9927f68 relative=0x00000000000000c8
Event: 221.985 Thread 0x000001eacd574210 Uncommon trap: reason=unstable_if action=reinterpret pc=0x000001eab9927f68 method=org.jboss.logging.JDKLogger.translate(Lorg/jboss/logging/Logger$Level;)Ljava/util/logging/Level; @ 12 c2
Event: 221.985 Thread 0x000001eacd574210 DEOPT PACKING pc=0x000001eab9927f68 sp=0x000000c153afdc60
Event: 221.985 Thread 0x000001eacd574210 DEOPT UNPACKING pc=0x000001eab1d6e42f sp=0x000000c153afdc00 mode 2

Classes unloaded (0 events):
No events

Classes redefined (0 events):
No events

Internal exceptions (20 events):
Event: 30.548 Thread 0x000001eac9dbcfe0 Exception <a 'java/lang/NoSuchMethodError'{0x0000000087609598}: 'java.lang.Object java.lang.invoke.DirectMethodHandle$Holder.newInvokeSpecial(java.lang.Object, java.lang.Object, int, java.lang.Object, long)'> (0x0000000087609598) 
thrown [./open/src/hotspot/share/interpreter/linkResolver.cpp, line 782]
Event: 33.826 Thread 0x000001eaca61b970 Exception <a 'java/lang/NoSuchMethodError'{0x0000000083cccf70}: static [Lapp/server/model/ProdusComanda;.<clinit>()V> (0x0000000083cccf70) 
thrown [./open/src/hotspot/share/prims/jni.cpp, line 1204]
Event: 45.914 Thread 0x000001eaca61b970 Exception <a 'java/lang/NoSuchMethodError'{0x000000008368b680}: static Lapp/server/model/ProdusComanda;.<clinit>()V> (0x000000008368b680) 
thrown [./open/src/hotspot/share/prims/jni.cpp, line 1204]
Event: 45.915 Thread 0x000001eaca61b970 Exception <a 'java/lang/NoSuchMethodError'{0x000000008369efc8}: static Lapp/server/model/Produs;.<clinit>()V> (0x000000008369efc8) 
thrown [./open/src/hotspot/share/prims/jni.cpp, line 1204]
Event: 45.916 Thread 0x000001eaca61b970 Exception <a 'java/lang/NoSuchMethodError'{0x00000000836afb18}: static Lapp/server/model/Producator;.<clinit>()V> (0x00000000836afb18) 
thrown [./open/src/hotspot/share/prims/jni.cpp, line 1204]
Event: 45.917 Thread 0x000001eaca61b970 Exception <a 'java/lang/NoSuchMethodError'{0x00000000836bfbc8}: static Lapp/server/model/TipProdus;.<clinit>()V> (0x00000000836bfbc8) 
thrown [./open/src/hotspot/share/prims/jni.cpp, line 1204]
Event: 62.393 Thread 0x000001eac9dbb300 Implicit null exception at 0x000001eab997ba15 to 0x000001eab997bcdc
Event: 73.845 Thread 0x000001eaca61b4a0 Exception <a 'java/lang/NoSuchMethodError'{0x000000008a36b1c0}: static [Lapp/server/model/Produs;.<clinit>()V> (0x000000008a36b1c0) 
thrown [./open/src/hotspot/share/prims/jni.cpp, line 1204]
Event: 73.888 Thread 0x000001eaca61b4a0 Exception <a 'java/lang/NoSuchMethodError'{0x0000000083e03478}: static Lapp/server/model/StocProdus;.<clinit>()V> (0x0000000083e03478) 
thrown [./open/src/hotspot/share/prims/jni.cpp, line 1204]
Event: 73.889 Thread 0x000001eaca61b4a0 Exception <a 'java/lang/NoSuchMethodError'{0x0000000083e1bb18}: static Lorg/hibernate/proxy/pojo/javassist/SerializableProxy;.<clinit>()V> (0x0000000083e1bb18) 
thrown [./open/src/hotspot/share/prims/jni.cpp, line 1204]
Event: 73.889 Thread 0x000001eaca61b4a0 Exception <a 'java/lang/NoSuchMethodError'{0x0000000083e1f330}: static Lorg/hibernate/proxy/AbstractSerializableProxy;.<clinit>()V> (0x0000000083e1f330) 
thrown [./open/src/hotspot/share/prims/jni.cpp, line 1204]
Event: 73.889 Thread 0x000001eaca61b4a0 Exception <a 'java/lang/NoSuchMethodError'{0x0000000083e20c30}: static [Ljava/lang/Class;.<clinit>()V> (0x0000000083e20c30) 
thrown [./open/src/hotspot/share/prims/jni.cpp, line 1204]
Event: 73.889 Thread 0x000001eaca61b4a0 Exception <a 'java/lang/NoSuchMethodError'{0x0000000083e24190}: static Lorg/hibernate/proxy/HibernateProxy;.<clinit>()V> (0x0000000083e24190) 
thrown [./open/src/hotspot/share/prims/jni.cpp, line 1204]
Event: 74.282 Thread 0x000001eac9dbd980 Exception <a 'java/lang/InterruptedException'{0x0000000083cabef0}> (0x0000000083cabef0) 
thrown [./open/src/hotspot/share/runtime/objectMonitor.cpp, line 1545]
Event: 89.546 Thread 0x000001eaca61b4a0 Exception <a 'java/lang/reflect/InvocationTargetException'{0x0000000087799978}> (0x0000000087799978) 
thrown [./open/src/hotspot/share/runtime/reflection.cpp, line 1157]
Event: 89.547 Thread 0x000001eaca61b4a0 Exception <a 'java/lang/reflect/InvocationTargetException'{0x000000008779aad8}> (0x000000008779aad8) 
thrown [./open/src/hotspot/share/runtime/reflection.cpp, line 1157]
Event: 89.548 Thread 0x000001eaca61b4a0 Exception <a 'java/lang/reflect/InvocationTargetException'{0x00000000877d1730}> (0x00000000877d1730) 
thrown [./open/src/hotspot/share/runtime/reflection.cpp, line 1157]
Event: 89.549 Thread 0x000001eaca61b4a0 Exception <a 'java/lang/NoSuchMethodError'{0x00000000877ec2b0}: static [Ljava/lang/StackTraceElement;.<clinit>()V> (0x00000000877ec2b0) 
thrown [./open/src/hotspot/share/prims/jni.cpp, line 1204]
Event: 206.629 Thread 0x000001eacd574210 Exception <a 'java/lang/reflect/InvocationTargetException'{0x0000000083a09190}> (0x0000000083a09190) 
thrown [./open/src/hotspot/share/runtime/reflection.cpp, line 1157]
Event: 206.629 Thread 0x000001eacd574210 Exception <a 'java/lang/reflect/InvocationTargetException'{0x0000000083a1fbd8}> (0x0000000083a1fbd8) 
thrown [./open/src/hotspot/share/runtime/reflection.cpp, line 1157]

Events (20 events):
Event: 219.740 Thread 0x000001eacd57a250 Thread added: 0x000001eacd57a250
Event: 219.754 Thread 0x000001eacd57a250 Thread exited: 0x000001eacd57a250
Event: 219.764 Thread 0x000001eacd576d60 Thread added: 0x000001eacd576d60
Event: 219.771 Executing VM operation: G1CollectForAllocation
Event: 219.772 Executing VM operation: G1CollectForAllocation done
Event: 219.782 Thread 0x000001eacd576d60 Thread exited: 0x000001eacd576d60
Event: 221.574 Thread 0x000001eaca4c9460 Thread exited: 0x000001eaca4c9460
Event: 221.582 Thread 0x000001eacd578a40 Thread added: 0x000001eacd578a40
Event: 221.922 Thread 0x000001eacd578a40 Thread exited: 0x000001eacd578a40
Event: 221.922 Thread 0x000001eacd576d60 Thread added: 0x000001eacd576d60
Event: 221.923 Thread 0x000001eacd574bb0 Thread added: 0x000001eacd574bb0
Event: 221.925 Thread 0x000001eacd574bb0 Thread exited: 0x000001eacd574bb0
Event: 221.926 Thread 0x000001eacd576d60 Thread exited: 0x000001eacd576d60
Event: 221.967 Thread 0x000001eacd5763c0 Thread added: 0x000001eacd5763c0
Event: 221.967 Thread 0x000001eacd574bb0 Thread added: 0x000001eacd574bb0
Event: 221.973 Executing VM operation: G1CollectForAllocation
Event: 221.975 Executing VM operation: G1CollectForAllocation done
Event: 221.975 Executing VM operation: HandshakeAllThreads
Event: 221.975 Executing VM operation: HandshakeAllThreads done
Event: 221.985 Thread 0x000001eacd574bb0 Thread exited: 0x000001eacd574bb0


Dynamic libraries:
0x00007ff7915f0000 - 0x00007ff7915fd000 	C:\Users\MSI\.jdks\openjdk-15\bin\java.exe
0x00007ffc05a40000 - 0x00007ffc05c30000 	C:\WINDOWS\SYSTEM32\ntdll.dll
0x00007ffc058e0000 - 0x00007ffc05992000 	C:\WINDOWS\System32\KERNEL32.DLL
0x00007ffc033a0000 - 0x00007ffc03645000 	C:\WINDOWS\System32\KERNELBASE.dll
0x00007ffc03950000 - 0x00007ffc03a4a000 	C:\WINDOWS\System32\ucrtbase.dll
0x00007ffbfafb0000 - 0x00007ffbfafc8000 	C:\Users\MSI\.jdks\openjdk-15\bin\jli.dll
0x00007ffbfae90000 - 0x00007ffbfaea9000 	C:\Users\MSI\.jdks\openjdk-15\bin\VCRUNTIME140.dll
0x00007ffc04840000 - 0x00007ffc049d4000 	C:\WINDOWS\System32\USER32.dll
0x00007ffc03320000 - 0x00007ffc03341000 	C:\WINDOWS\System32\win32u.dll
0x00007ffc04210000 - 0x00007ffc04236000 	C:\WINDOWS\System32\GDI32.dll
0x00007ffbe6a70000 - 0x00007ffbe6cf4000 	C:\WINDOWS\WinSxS\amd64_microsoft.windows.common-controls_6595b64144ccf1df_6.0.18362.1556_none_9e7e372fe45e41d5\COMCTL32.dll
0x00007ffc037b0000 - 0x00007ffc03948000 	C:\WINDOWS\System32\gdi32full.dll
0x00007ffc049e0000 - 0x00007ffc04a7e000 	C:\WINDOWS\System32\msvcrt.dll
0x00007ffc03a50000 - 0x00007ffc03aee000 	C:\WINDOWS\System32\msvcp_win.dll
0x00007ffc05430000 - 0x00007ffc05766000 	C:\WINDOWS\System32\combase.dll
0x00007ffc043d0000 - 0x00007ffc044ef000 	C:\WINDOWS\System32\RPCRT4.dll
0x00007ffc03290000 - 0x00007ffc03311000 	C:\WINDOWS\System32\bcryptPrimitives.dll
0x00007ffc058b0000 - 0x00007ffc058de000 	C:\WINDOWS\System32\IMM32.DLL
0x00007ffbfafa0000 - 0x00007ffbfafac000 	C:\Users\MSI\.jdks\openjdk-15\bin\vcruntime140_1.dll
0x00007ffbd3850000 - 0x00007ffbd38e1000 	C:\Users\MSI\.jdks\openjdk-15\bin\msvcp140.dll
0x00007ffbac660000 - 0x00007ffbad1bc000 	C:\Users\MSI\.jdks\openjdk-15\bin\server\jvm.dll
0x00007ffc04250000 - 0x00007ffc042f3000 	C:\WINDOWS\System32\ADVAPI32.dll
0x00007ffc04bc0000 - 0x00007ffc04c57000 	C:\WINDOWS\System32\sechost.dll
0x00007ffc04d30000 - 0x00007ffc04d38000 	C:\WINDOWS\System32\PSAPI.DLL
0x00007ffbea730000 - 0x00007ffbea739000 	C:\WINDOWS\SYSTEM32\WSOCK32.dll
0x00007ffc009d0000 - 0x00007ffc009f4000 	C:\WINDOWS\SYSTEM32\WINMM.dll
0x00007ffbfd4e0000 - 0x00007ffbfd4ea000 	C:\WINDOWS\SYSTEM32\VERSION.dll
0x00007ffc04ae0000 - 0x00007ffc04b4f000 	C:\WINDOWS\System32\WS2_32.dll
0x00007ffc009a0000 - 0x00007ffc009cd000 	C:\WINDOWS\SYSTEM32\winmmbase.dll
0x00007ffc03350000 - 0x00007ffc0339a000 	C:\WINDOWS\System32\cfgmgr32.dll
0x00007ffc02950000 - 0x00007ffc02961000 	C:\WINDOWS\System32\kernel.appcore.dll
0x00007ffbfae80000 - 0x00007ffbfae8a000 	C:\Users\MSI\.jdks\openjdk-15\bin\jimage.dll
0x00007ffbf5bc0000 - 0x00007ffbf5db4000 	C:\WINDOWS\SYSTEM32\DBGHELP.DLL
0x00007ffbe19a0000 - 0x00007ffbe19ca000 	C:\WINDOWS\SYSTEM32\dbgcore.DLL
0x00007ffbfae50000 - 0x00007ffbfae75000 	C:\Users\MSI\.jdks\openjdk-15\bin\java.dll
0x00007ffc04d40000 - 0x00007ffc05427000 	C:\WINDOWS\System32\SHELL32.dll
0x00007ffc044f0000 - 0x00007ffc04598000 	C:\WINDOWS\System32\shcore.dll
0x00007ffc02b10000 - 0x00007ffc0328b000 	C:\WINDOWS\System32\windows.storage.dll
0x00007ffc02970000 - 0x00007ffc0298e000 	C:\WINDOWS\System32\profapi.dll
0x00007ffc02900000 - 0x00007ffc0294a000 	C:\WINDOWS\System32\powrprof.dll
0x00007ffc028f0000 - 0x00007ffc02900000 	C:\WINDOWS\System32\UMPDC.dll
0x00007ffc04a80000 - 0x00007ffc04ad2000 	C:\WINDOWS\System32\shlwapi.dll
0x00007ffc03650000 - 0x00007ffc03667000 	C:\WINDOWS\System32\cryptsp.dll
0x00007ffbfae30000 - 0x00007ffbfae49000 	C:\Users\MSI\.jdks\openjdk-15\bin\net.dll
0x00007ffbfb060000 - 0x00007ffbfb15a000 	C:\WINDOWS\SYSTEM32\WINHTTP.dll
0x00007ffc020d0000 - 0x00007ffc02137000 	C:\WINDOWS\system32\mswsock.dll
0x00007ffbfae10000 - 0x00007ffbfae22000 	C:\Users\MSI\.jdks\openjdk-15\bin\nio.dll
0x00007ffbf9840000 - 0x00007ffbf9858000 	C:\Users\MSI\.jdks\openjdk-15\bin\zip.dll
0x00007ffbe7bc0000 - 0x00007ffbe7bd6000 	C:\WINDOWS\system32\napinsp.dll
0x00007ffbe7ba0000 - 0x00007ffbe7bba000 	C:\WINDOWS\system32\pnrpnsp.dll
0x00007ffc01e20000 - 0x00007ffc01eeb000 	C:\WINDOWS\SYSTEM32\DNSAPI.dll
0x00007ffc04240000 - 0x00007ffc04248000 	C:\WINDOWS\System32\NSI.dll
0x00007ffc01de0000 - 0x00007ffc01e1a000 	C:\WINDOWS\SYSTEM32\IPHLPAPI.DLL
0x00007ffbeb0a0000 - 0x00007ffbeb0ae000 	C:\WINDOWS\System32\winrnr.dll
0x00007ffbfed80000 - 0x00007ffbfed9c000 	C:\WINDOWS\system32\NLAapi.dll
0x00007ffbfd730000 - 0x00007ffbfd745000 	C:\WINDOWS\system32\wshbth.dll
0x00007ffbf59e0000 - 0x00007ffbf59ea000 	C:\Windows\System32\rasadhlp.dll
0x00007ffbfb7a0000 - 0x00007ffbfb817000 	C:\WINDOWS\System32\fwpuclnt.dll
0x00007ffc03780000 - 0x00007ffc037a6000 	C:\WINDOWS\System32\bcrypt.dll
0x00007ffc01c50000 - 0x00007ffc01c83000 	C:\WINDOWS\system32\rsaenh.dll
0x00007ffc027e0000 - 0x00007ffc02805000 	C:\WINDOWS\SYSTEM32\USERENV.dll
0x00007ffc022a0000 - 0x00007ffc022ac000 	C:\WINDOWS\SYSTEM32\CRYPTBASE.dll
0x00007ffbfb980000 - 0x00007ffbfb996000 	C:\WINDOWS\SYSTEM32\dhcpcsvc6.DLL
0x00007ffbfb960000 - 0x00007ffbfb97c000 	C:\WINDOWS\SYSTEM32\dhcpcsvc.DLL
0x00007ffbff1e0000 - 0x00007ffbff1e7000 	C:\Users\MSI\.jdks\openjdk-15\bin\rmi.dll
0x000000006cd80000 - 0x000000006ce70000 	C:\Users\MSI\AppData\Local\Temp\sqlite-3.16.1-fac20939-aaa9-4011-aaf0-3071802e802c-sqlitejdbc.dll
0x00007ffbfae00000 - 0x00007ffbfae10000 	C:\Users\MSI\.jdks\openjdk-15\bin\verify.dll

dbghelp: loaded successfully - version: 4.0.5 - missing functions: none
symbol engine: initialized successfully - sym options: 0x614 - pdb path: .;C:\Users\MSI\.jdks\openjdk-15\bin;C:\WINDOWS\SYSTEM32;C:\WINDOWS\WinSxS\amd64_microsoft.windows.common-controls_6595b64144ccf1df_6.0.18362.1556_none_9e7e372fe45e41d5;C:\Users\MSI\.jdks\openjdk-15\bin\server;C:\Users\MSI\AppData\Local\Temp

VM Arguments:
jvm_args: -Dfile.encoding=windows-1252 -Duser.country=US -Duser.language=en -Duser.variant 
java_command: app.server.StartServer
java_class_path (initial): C:\Users\MSI\Desktop\Informatica\Anul III\ELL - Elaborarea Lucrarii de Licenta\Aplicatie_Licenta\Electronics_Store_Order_Manager_1\Server\build\classes\java\main;C:\Users\MSI\Desktop\Informatica\Anul III\ELL - Elaborarea Lucrarii de Licenta\Aplicatie_Licenta\Electronics_Store_Order_Manager_1\Server\build\resources\main;C:\Users\MSI\.gradle\caches\modules-2\files-2.1\org.hibernate\hibernate-core\5.2.10.Final\b46a4ba34b52d335cc45c0f33d029f782f7db887\hibernate-core-5.2.10.Final.jar;C:\Users\MSI\.gradle\caches\modules-2\files-2.1\javax.xml.bind\jaxb-api\2.3.0\99f802e0cb3e953ba3d6e698795c4aeb98d37c48\jaxb-api-2.3.0.jar;C:\Users\MSI\.gradle\caches\modules-2\files-2.1\javax.activation\activation\1.1\e6cb541461c2834bdea3eb920f1884d1eb508b50\activation-1.1.jar;C:\Users\MSI\.gradle\caches\modules-2\files-2.1\org.springframework\spring-context\5.0.4.RELEASE\3e76d08c851113077642c5704f0f94d5ce58e905\spring-context-5.0.4.RELEASE.jar;C:\Users\MSI\.gradle\caches\modules-2\files-2.1\org.glassfish.jaxb\jaxb-runtime\2.3.2\5528bc882ea499a09d720b42af11785c4fc6be2a\jaxb-runtime-2.3.2.jar;C:\Users\MSI\.gradle\caches\modules-2\files-2.1\org.jvnet.staxex\stax-ex\1.8.1\78011e483a21102fb4858f3e8f269a677e50aa23\stax-ex-1.8.1.jar;C:\Users\MSI\.gradle\caches\modules-2\files-2.1\jakarta.xml.bind\jakarta.xml.bind-api\2.3.2\8d49996a4338670764d7ca4b85a1c4ccf7fe665d\jakarta.xml.bind-api-2.3.2.jar;C:\Users\MSI\.gradle\caches\modules-2\files-2.1\org.xerial\sqlite-jdbc\3.16.1\72540738ecee65b58ef5a6dbc125e83223716b17\sqlite-jdbc-3.16.1.jar;C:\Users\MSI\.gradle\caches\modules-2\files-2.1\org.hibernate.common\hibernate-commons-annotations\5.0.1.Final\71e1cff3fcb20d3b3af4f3363c3ddb24d33c6879\hibernate-commons-annotations-5.0.1.Final.jar;C:\Users\MSI\.gradle\caches\modules-2\files-2.1\org.jboss.logging\jboss-logging\3.3.0.Final\3616bb87707910296e2c195dc016287080bba5af\jboss-logging-3.3.0.Final.jar;C:\Users\MSI\.gradle\caches\modules-2\files-2.1\org.hibernate.javax.persistence\hib
Launcher Type: SUN_STANDARD

[Global flags]
     intx CICompilerCount                          = 4                                         {product} {ergonomic}
     uint ConcGCThreads                            = 3                                         {product} {ergonomic}
     uint G1ConcRefinementThreads                  = 10                                        {product} {ergonomic}
   size_t G1HeapRegionSize                         = 1048576                                   {product} {ergonomic}
    uintx GCDrainStackTargetSize                   = 64                                        {product} {ergonomic}
   size_t InitialHeapSize                          = 132120576                                 {product} {ergonomic}
   size_t MarkStackSize                            = 4194304                                   {product} {ergonomic}
   size_t MaxHeapSize                              = 2107637760                                {product} {ergonomic}
   size_t MaxNewSize                               = 1264582656                                {product} {ergonomic}
   size_t MinHeapDeltaBytes                        = 1048576                                   {product} {ergonomic}
   size_t MinHeapSize                              = 8388608                                   {product} {ergonomic}
    uintx NonNMethodCodeHeapSize                   = 5839372                                {pd product} {ergonomic}
    uintx NonProfiledCodeHeapSize                  = 122909434                              {pd product} {ergonomic}
    uintx ProfiledCodeHeapSize                     = 122909434                              {pd product} {ergonomic}
    uintx ReservedCodeCacheSize                    = 251658240                              {pd product} {ergonomic}
     bool SegmentedCodeCache                       = true                                      {product} {ergonomic}
   size_t SoftMaxHeapSize                          = 2107637760                             {manageable} {ergonomic}
     bool UseCompressedClassPointers               = true                                 {lp64_product} {ergonomic}
     bool UseCompressedOops                        = true                                 {lp64_product} {ergonomic}
     bool UseG1GC                                  = true                                      {product} {ergonomic}
     bool UseLargePagesIndividualAllocation        = false                                  {pd product} {ergonomic}

Logging:
Log output configuration:
 #0: stdout all=warning uptime,level,tags
 #1: stderr all=off uptime,level,tags

Environment Variables:
JAVA_HOME=C:\Program Files\Java\jdk-17.0.3
PATH=C:\Program Files\Common Files\Oracle\Java\javapath;C:\Program Files\NVIDIA GPU Computing Toolkit\CUDA\v11.5\bin;C:\Program Files\NVIDIA GPU Computing Toolkit\CUDA\v11.5\libnvvp;C:\Program Files\Microsoft MPI\Bin\;C:\Windows\system32;C:\Windows;C:\Windows\System32\Wbem;C:\Windows\System32\WindowsPowerShell\v1.0\;C:\Windows\System32\OpenSSH\;C:\Program Files (x86)\NVIDIA Corporation\PhysX\Common;C:\Users\MSI\Desktop\work\mingw\bin;C:\Program Files\dotnet\;C:\Program Files\PuTTY\;C:\WINDOWS\system32;C:\WINDOWS;C:\WINDOWS\System32\Wbem;C:\WINDOWS\System32\WindowsPowerShell\v1.0\;C:\WINDOWS\System32\OpenSSH\;C:\Program Files\Microsoft SQL Server\Client SDK\ODBC\170\Tools\Binn\;C:\Program Files (x86)\Microsoft SQL Server\150\Tools\Binn\;C:\Program Files\Microsoft SQL Server\150\Tools\Binn\;C:\Program Files\Microsoft SQL Server\150\DTS\Binn\;C:\Program Files (x86)\Microsoft SQL Server\150\DTS\Binn\;C:\Program Files\Git\cmd;C:\Program Files\Git LFS;C:\Program Files\NVIDIA Corporation\Nsight Compute 2021.3.1\;C:\Program Files\NVIDIA Corporation\NVIDIA NvDLISR;C:\Program Files\nodejs\;C:\Program Files\Java\jdk-17.0.3\bin;C:\Users\MSI\AppData\Local\Microsoft\WindowsApps;C:\Program Files\JetBrains\PyCharm Community Edition 2019.2.3\bin;C:\Users\MSI\Desktop\Informatica\Anul II\PLF\Lisp\clisp-2.49;C:\Users\MSI\.dotnet\tools;C:\Users\MSI\AppData\Local\Programs\Python\Python37-32\Scripts;C:\Users\MSI\Documents\flutter\bin;C:\Users\MSI\AppData\Roaming\npm
USERNAME=MSI
OS=Windows_NT
PROCESSOR_IDENTIFIER=Intel64 Family 6 Model 158 Stepping 10, GenuineIntel



---------------  S Y S T E M  ---------------

OS:
 Windows 10 , 64 bit Build 18362 (10.0.18362.1500)
OS uptime: 9 days 3:55 hours

CPU: total 12 (initial active 12) (6 cores per cpu, 2 threads per core) family 6 model 158 stepping 10, cmov, cx8, fxsr, mmx, sse, sse2, sse3, ssse3, sse4.1, sse4.2, popcnt, vzeroupper, avx, avx2, aes, clmul, erms, 3dnowpref, lzcnt, ht, tsc, tscinvbit, bmi1, bmi2, adx, fma, clflush, clflushopt

Memory: 4k page, system-wide physical 8036M (1262M free)
TotalPageFile size 16111M (AvailPageFile size 3262M)
current process WorkingSet (physical memory assigned to process): 184M, peak: 194M
current process commit charge ("private bytes"): 228M, peak: 266M

vm_info: OpenJDK 64-Bit Server VM (15+36-1562) for windows-amd64 JRE (15+36-1562), built on Aug 11 2020 22:33:04 by "mach5one" with unknown MS VC++:1925

END.
